2022-08-12 10:49:57.438  INFO 16776 --- [restartedMain] com.ssafy.GroupCallApplication           : Starting GroupCallApplication using Java 1.8.0_192 on DESKTOP-KVCQHCD with PID 16776 (C:\SSAFY\Common_Project_02\backend\build\classes\java\main started by SSAFY in C:\SSAFY\Common_Project_02\backend)
2022-08-12 10:49:57.445  INFO 16776 --- [restartedMain] com.ssafy.GroupCallApplication           : No active profile set, falling back to default profiles: default
2022-08-12 10:49:57.484  INFO 16776 --- [restartedMain] .e.DevToolsPropertyDefaultsPostProcessor : Devtools property defaults active! Set 'spring.devtools.add-properties' to 'false' to disable
2022-08-12 10:49:57.484  INFO 16776 --- [restartedMain] .e.DevToolsPropertyDefaultsPostProcessor : For additional web related logging consider setting the 'logging.level.web' property to 'DEBUG'
2022-08-12 10:49:58.564  INFO 16776 --- [restartedMain] .s.d.r.c.RepositoryConfigurationDelegate : Bootstrapping Spring Data JPA repositories in DEFAULT mode.
2022-08-12 10:49:58.649  INFO 16776 --- [restartedMain] .s.d.r.c.RepositoryConfigurationDelegate : Finished Spring Data repository scanning in 77 ms. Found 7 JPA repository interfaces.
2022-08-12 10:49:58.948  INFO 16776 --- [restartedMain] trationDelegate$BeanPostProcessorChecker : Bean 'org.springframework.security.access.expression.method.DefaultMethodSecurityExpressionHandler@29a91b31' of type [org.springframework.security.access.expression.method.DefaultMethodSecurityExpressionHandler] is not eligible for getting processed by all BeanPostProcessors (for example: not eligible for auto-proxying)
2022-08-12 10:49:58.952  INFO 16776 --- [restartedMain] trationDelegate$BeanPostProcessorChecker : Bean 'methodSecurityMetadataSource' of type [org.springframework.security.access.method.DelegatingMethodSecurityMetadataSource] is not eligible for getting processed by all BeanPostProcessors (for example: not eligible for auto-proxying)
2022-08-12 10:49:59.595  INFO 16776 --- [restartedMain] o.s.b.w.embedded.tomcat.TomcatWebServer  : Tomcat initialized with port(s): 8080 (https)
2022-08-12 10:49:59.602  INFO 16776 --- [restartedMain] o.apache.catalina.core.StandardService   : Starting service [Tomcat]
2022-08-12 10:49:59.603  INFO 16776 --- [restartedMain] org.apache.catalina.core.StandardEngine  : Starting Servlet engine: [Apache Tomcat/9.0.45]
2022-08-12 10:49:59.700  INFO 16776 --- [restartedMain] o.a.c.c.C.[Tomcat].[localhost].[/]       : Initializing Spring embedded WebApplicationContext
2022-08-12 10:49:59.700  INFO 16776 --- [restartedMain] w.s.c.ServletWebServerApplicationContext : Root WebApplicationContext: initialization completed in 2215 ms
2022-08-12 10:49:59.823 DEBUG 16776 --- [restartedMain] o.s.web.filter.CharacterEncodingFilter   : Filter 'characterEncodingFilter' configured for use
2022-08-12 10:49:59.823 DEBUG 16776 --- [restartedMain] o.s.w.f.CommonsRequestLoggingFilter      : Filter 'commonsRequestLoggingFilter' configured for use
2022-08-12 10:49:59.945  INFO 16776 --- [restartedMain] o.hibernate.jpa.internal.util.LogHelper  : HHH000204: Processing PersistenceUnitInfo [name: default]
2022-08-12 10:49:59.984  INFO 16776 --- [restartedMain] org.hibernate.Version                    : HHH000412: Hibernate ORM core version 5.4.30.Final
2022-08-12 10:50:00.150  INFO 16776 --- [restartedMain] o.hibernate.annotations.common.Version   : HCANN000001: Hibernate Commons Annotations {5.1.2.Final}
2022-08-12 10:50:00.227  INFO 16776 --- [restartedMain] com.zaxxer.hikari.HikariDataSource       : HikariPool-1 - Starting...
2022-08-12 10:50:00.451  INFO 16776 --- [restartedMain] com.zaxxer.hikari.HikariDataSource       : HikariPool-1 - Start completed.
2022-08-12 10:50:00.462  INFO 16776 --- [restartedMain] org.hibernate.dialect.Dialect            : HHH000400: Using dialect: org.hibernate.dialect.MySQL57Dialect
2022-08-12 10:50:01.137  INFO 16776 --- [restartedMain] o.h.e.t.j.p.i.JtaPlatformInitiator       : HHH000490: Using JtaPlatform implementation: [org.hibernate.engine.transaction.jta.platform.internal.NoJtaPlatform]
2022-08-12 10:50:01.145  INFO 16776 --- [restartedMain] j.LocalContainerEntityManagerFactoryBean : Initialized JPA EntityManagerFactory for persistence unit 'default'
2022-08-12 10:50:01.159  INFO 16776 --- [restartedMain] o.s.b.d.a.OptionalLiveReloadServer       : LiveReload server is running on port 35729
2022-08-12 10:50:01.171  WARN 16776 --- [restartedMain] ConfigServletWebServerApplicationContext : Exception encountered during context initialization - cancelling refresh attempt: org.springframework.beans.factory.UnsatisfiedDependencyException: Error creating bean with name 'roomController': Unsatisfied dependency expressed through field 'roomService'; nested exception is org.springframework.beans.factory.BeanCreationException: Error creating bean with name 'roomService' defined in file [C:\SSAFY\Common_Project_02\backend\build\classes\java\main\com\ssafy\api\service\RoomServiceImpl.class]: Post-processing of merged bean definition failed; nested exception is java.lang.IllegalStateException: Lifecycle method annotation requires a no-arg method: void com.ssafy.api.service.RoomServiceImpl.init(java.lang.String,java.lang.String) throws io.openvidu.java.client.OpenViduJavaClientException,io.openvidu.java.client.OpenViduHttpException
2022-08-12 10:50:01.171  INFO 16776 --- [restartedMain] j.LocalContainerEntityManagerFactoryBean : Closing JPA EntityManagerFactory for persistence unit 'default'
2022-08-12 10:50:01.175  INFO 16776 --- [restartedMain] com.zaxxer.hikari.HikariDataSource       : HikariPool-1 - Shutdown initiated...
2022-08-12 10:50:01.178  INFO 16776 --- [restartedMain] com.zaxxer.hikari.HikariDataSource       : HikariPool-1 - Shutdown completed.
2022-08-12 10:50:01.180  INFO 16776 --- [restartedMain] o.apache.catalina.core.StandardService   : Stopping service [Tomcat]
2022-08-12 10:50:01.192  INFO 16776 --- [restartedMain] ConditionEvaluationReportLoggingListener : 

Error starting ApplicationContext. To display the conditions report re-run your application with 'debug' enabled.
2022-08-12 10:50:01.215 ERROR 16776 --- [restartedMain] o.s.boot.SpringApplication               : Application run failed

org.springframework.beans.factory.UnsatisfiedDependencyException: Error creating bean with name 'roomController': Unsatisfied dependency expressed through field 'roomService'; nested exception is org.springframework.beans.factory.BeanCreationException: Error creating bean with name 'roomService' defined in file [C:\SSAFY\Common_Project_02\backend\build\classes\java\main\com\ssafy\api\service\RoomServiceImpl.class]: Post-processing of merged bean definition failed; nested exception is java.lang.IllegalStateException: Lifecycle method annotation requires a no-arg method: void com.ssafy.api.service.RoomServiceImpl.init(java.lang.String,java.lang.String) throws io.openvidu.java.client.OpenViduJavaClientException,io.openvidu.java.client.OpenViduHttpException
	at org.springframework.beans.factory.annotation.AutowiredAnnotationBeanPostProcessor$AutowiredFieldElement.resolveFieldValue(AutowiredAnnotationBeanPostProcessor.java:660) ~[spring-beans-5.3.6.jar:5.3.6]
	at org.springframework.beans.factory.annotation.AutowiredAnnotationBeanPostProcessor$AutowiredFieldElement.inject(AutowiredAnnotationBeanPostProcessor.java:640) ~[spring-beans-5.3.6.jar:5.3.6]
	at org.springframework.beans.factory.annotation.InjectionMetadata.inject(InjectionMetadata.java:119) ~[spring-beans-5.3.6.jar:5.3.6]
	at org.springframework.beans.factory.annotation.AutowiredAnnotationBeanPostProcessor.postProcessProperties(AutowiredAnnotationBeanPostProcessor.java:399) ~[spring-beans-5.3.6.jar:5.3.6]
	at org.springframework.beans.factory.support.AbstractAutowireCapableBeanFactory.populateBean(AbstractAutowireCapableBeanFactory.java:1413) ~[spring-beans-5.3.6.jar:5.3.6]
	at org.springframework.beans.factory.support.AbstractAutowireCapableBeanFactory.doCreateBean(AbstractAutowireCapableBeanFactory.java:601) ~[spring-beans-5.3.6.jar:5.3.6]
	at org.springframework.beans.factory.support.AbstractAutowireCapableBeanFactory.createBean(AbstractAutowireCapableBeanFactory.java:524) ~[spring-beans-5.3.6.jar:5.3.6]
	at org.springframework.beans.factory.support.AbstractBeanFactory.lambda$doGetBean$0(AbstractBeanFactory.java:335) ~[spring-beans-5.3.6.jar:5.3.6]
	at org.springframework.beans.factory.support.DefaultSingletonBeanRegistry.getSingleton(DefaultSingletonBeanRegistry.java:234) ~[spring-beans-5.3.6.jar:5.3.6]
	at org.springframework.beans.factory.support.AbstractBeanFactory.doGetBean(AbstractBeanFactory.java:333) ~[spring-beans-5.3.6.jar:5.3.6]
	at org.springframework.beans.factory.support.AbstractBeanFactory.getBean(AbstractBeanFactory.java:208) ~[spring-beans-5.3.6.jar:5.3.6]
	at org.springframework.beans.factory.support.DefaultListableBeanFactory.preInstantiateSingletons(DefaultListableBeanFactory.java:944) ~[spring-beans-5.3.6.jar:5.3.6]
	at org.springframework.context.support.AbstractApplicationContext.finishBeanFactoryInitialization(AbstractApplicationContext.java:918) ~[spring-context-5.3.6.jar:5.3.6]
	at org.springframework.context.support.AbstractApplicationContext.refresh(AbstractApplicationContext.java:583) ~[spring-context-5.3.6.jar:5.3.6]
	at org.springframework.boot.web.servlet.context.ServletWebServerApplicationContext.refresh(ServletWebServerApplicationContext.java:144) ~[spring-boot-2.4.5.jar:2.4.5]
	at org.springframework.boot.SpringApplication.refresh(SpringApplication.java:782) [spring-boot-2.4.5.jar:2.4.5]
	at org.springframework.boot.SpringApplication.refresh(SpringApplication.java:774) [spring-boot-2.4.5.jar:2.4.5]
	at org.springframework.boot.SpringApplication.refreshContext(SpringApplication.java:439) [spring-boot-2.4.5.jar:2.4.5]
	at org.springframework.boot.SpringApplication.run(SpringApplication.java:339) [spring-boot-2.4.5.jar:2.4.5]
	at org.springframework.boot.SpringApplication.run(SpringApplication.java:1340) [spring-boot-2.4.5.jar:2.4.5]
	at org.springframework.boot.SpringApplication.run(SpringApplication.java:1329) [spring-boot-2.4.5.jar:2.4.5]
	at com.ssafy.GroupCallApplication.main(GroupCallApplication.java:15) [main/:na]
	at sun.reflect.NativeMethodAccessorImpl.invoke0(Native Method) ~[na:1.8.0_192]
	at sun.reflect.NativeMethodAccessorImpl.invoke(NativeMethodAccessorImpl.java:62) ~[na:1.8.0_192]
	at sun.reflect.DelegatingMethodAccessorImpl.invoke(DelegatingMethodAccessorImpl.java:43) ~[na:1.8.0_192]
	at java.lang.reflect.Method.invoke(Method.java:498) ~[na:1.8.0_192]
	at org.springframework.boot.devtools.restart.RestartLauncher.run(RestartLauncher.java:49) [spring-boot-devtools-2.4.5.jar:2.4.5]
Caused by: org.springframework.beans.factory.BeanCreationException: Error creating bean with name 'roomService' defined in file [C:\SSAFY\Common_Project_02\backend\build\classes\java\main\com\ssafy\api\service\RoomServiceImpl.class]: Post-processing of merged bean definition failed; nested exception is java.lang.IllegalStateException: Lifecycle method annotation requires a no-arg method: void com.ssafy.api.service.RoomServiceImpl.init(java.lang.String,java.lang.String) throws io.openvidu.java.client.OpenViduJavaClientException,io.openvidu.java.client.OpenViduHttpException
	at org.springframework.beans.factory.support.AbstractAutowireCapableBeanFactory.doCreateBean(AbstractAutowireCapableBeanFactory.java:579) ~[spring-beans-5.3.6.jar:5.3.6]
	at org.springframework.beans.factory.support.AbstractAutowireCapableBeanFactory.createBean(AbstractAutowireCapableBeanFactory.java:524) ~[spring-beans-5.3.6.jar:5.3.6]
	at org.springframework.beans.factory.support.AbstractBeanFactory.lambda$doGetBean$0(AbstractBeanFactory.java:335) ~[spring-beans-5.3.6.jar:5.3.6]
	at org.springframework.beans.factory.support.DefaultSingletonBeanRegistry.getSingleton(DefaultSingletonBeanRegistry.java:234) ~[spring-beans-5.3.6.jar:5.3.6]
	at org.springframework.beans.factory.support.AbstractBeanFactory.doGetBean(AbstractBeanFactory.java:333) ~[spring-beans-5.3.6.jar:5.3.6]
	at org.springframework.beans.factory.support.AbstractBeanFactory.getBean(AbstractBeanFactory.java:208) ~[spring-beans-5.3.6.jar:5.3.6]
	at org.springframework.beans.factory.config.DependencyDescriptor.resolveCandidate(DependencyDescriptor.java:276) ~[spring-beans-5.3.6.jar:5.3.6]
	at org.springframework.beans.factory.support.DefaultListableBeanFactory.doResolveDependency(DefaultListableBeanFactory.java:1380) ~[spring-beans-5.3.6.jar:5.3.6]
	at org.springframework.beans.factory.support.DefaultListableBeanFactory.resolveDependency(DefaultListableBeanFactory.java:1300) ~[spring-beans-5.3.6.jar:5.3.6]
	at org.springframework.beans.factory.annotation.AutowiredAnnotationBeanPostProcessor$AutowiredFieldElement.resolveFieldValue(AutowiredAnnotationBeanPostProcessor.java:657) ~[spring-beans-5.3.6.jar:5.3.6]
	... 26 common frames omitted
Caused by: java.lang.IllegalStateException: Lifecycle method annotation requires a no-arg method: void com.ssafy.api.service.RoomServiceImpl.init(java.lang.String,java.lang.String) throws io.openvidu.java.client.OpenViduJavaClientException,io.openvidu.java.client.OpenViduHttpException
	at org.springframework.beans.factory.annotation.InitDestroyAnnotationBeanPostProcessor$LifecycleElement.<init>(InitDestroyAnnotationBeanPostProcessor.java:372) ~[spring-beans-5.3.6.jar:5.3.6]
	at org.springframework.beans.factory.annotation.InitDestroyAnnotationBeanPostProcessor.lambda$buildLifecycleMetadata$0(InitDestroyAnnotationBeanPostProcessor.java:234) ~[spring-beans-5.3.6.jar:5.3.6]
	at org.springframework.util.ReflectionUtils.doWithLocalMethods(ReflectionUtils.java:324) ~[spring-core-5.3.6.jar:5.3.6]
	at org.springframework.beans.factory.annotation.InitDestroyAnnotationBeanPostProcessor.buildLifecycleMetadata(InitDestroyAnnotationBeanPostProcessor.java:232) ~[spring-beans-5.3.6.jar:5.3.6]
	at org.springframework.beans.factory.annotation.InitDestroyAnnotationBeanPostProcessor.findLifecycleMetadata(InitDestroyAnnotationBeanPostProcessor.java:210) ~[spring-beans-5.3.6.jar:5.3.6]
	at org.springframework.beans.factory.annotation.InitDestroyAnnotationBeanPostProcessor.postProcessMergedBeanDefinition(InitDestroyAnnotationBeanPostProcessor.java:149) ~[spring-beans-5.3.6.jar:5.3.6]
	at org.springframework.context.annotation.CommonAnnotationBeanPostProcessor.postProcessMergedBeanDefinition(CommonAnnotationBeanPostProcessor.java:294) ~[spring-context-5.3.6.jar:5.3.6]
	at org.springframework.beans.factory.support.AbstractAutowireCapableBeanFactory.applyMergedBeanDefinitionPostProcessors(AbstractAutowireCapableBeanFactory.java:1098) ~[spring-beans-5.3.6.jar:5.3.6]
	at org.springframework.beans.factory.support.AbstractAutowireCapableBeanFactory.doCreateBean(AbstractAutowireCapableBeanFactory.java:576) ~[spring-beans-5.3.6.jar:5.3.6]
	... 35 common frames omitted

2022-08-12 10:50:25.623  INFO 8496 --- [restartedMain] com.ssafy.GroupCallApplication           : Starting GroupCallApplication using Java 1.8.0_192 on DESKTOP-KVCQHCD with PID 8496 (C:\SSAFY\Common_Project_02\backend\build\classes\java\main started by SSAFY in C:\SSAFY\Common_Project_02\backend)
2022-08-12 10:50:25.626  INFO 8496 --- [restartedMain] com.ssafy.GroupCallApplication           : No active profile set, falling back to default profiles: default
2022-08-12 10:50:25.662  INFO 8496 --- [restartedMain] .e.DevToolsPropertyDefaultsPostProcessor : Devtools property defaults active! Set 'spring.devtools.add-properties' to 'false' to disable
2022-08-12 10:50:25.662  INFO 8496 --- [restartedMain] .e.DevToolsPropertyDefaultsPostProcessor : For additional web related logging consider setting the 'logging.level.web' property to 'DEBUG'
2022-08-12 10:50:26.702  INFO 8496 --- [restartedMain] .s.d.r.c.RepositoryConfigurationDelegate : Bootstrapping Spring Data JPA repositories in DEFAULT mode.
2022-08-12 10:50:26.778  INFO 8496 --- [restartedMain] .s.d.r.c.RepositoryConfigurationDelegate : Finished Spring Data repository scanning in 70 ms. Found 7 JPA repository interfaces.
2022-08-12 10:50:27.059  INFO 8496 --- [restartedMain] trationDelegate$BeanPostProcessorChecker : Bean 'org.springframework.security.access.expression.method.DefaultMethodSecurityExpressionHandler@5b14ac31' of type [org.springframework.security.access.expression.method.DefaultMethodSecurityExpressionHandler] is not eligible for getting processed by all BeanPostProcessors (for example: not eligible for auto-proxying)
2022-08-12 10:50:27.062  INFO 8496 --- [restartedMain] trationDelegate$BeanPostProcessorChecker : Bean 'methodSecurityMetadataSource' of type [org.springframework.security.access.method.DelegatingMethodSecurityMetadataSource] is not eligible for getting processed by all BeanPostProcessors (for example: not eligible for auto-proxying)
2022-08-12 10:50:27.705  INFO 8496 --- [restartedMain] o.s.b.w.embedded.tomcat.TomcatWebServer  : Tomcat initialized with port(s): 8080 (https)
2022-08-12 10:50:27.713  INFO 8496 --- [restartedMain] o.apache.catalina.core.StandardService   : Starting service [Tomcat]
2022-08-12 10:50:27.713  INFO 8496 --- [restartedMain] org.apache.catalina.core.StandardEngine  : Starting Servlet engine: [Apache Tomcat/9.0.45]
2022-08-12 10:50:27.798  INFO 8496 --- [restartedMain] o.a.c.c.C.[Tomcat].[localhost].[/]       : Initializing Spring embedded WebApplicationContext
2022-08-12 10:50:27.798  INFO 8496 --- [restartedMain] w.s.c.ServletWebServerApplicationContext : Root WebApplicationContext: initialization completed in 2135 ms
2022-08-12 10:50:27.927 DEBUG 8496 --- [restartedMain] o.s.web.filter.CharacterEncodingFilter   : Filter 'characterEncodingFilter' configured for use
2022-08-12 10:50:27.928 DEBUG 8496 --- [restartedMain] o.s.w.f.CommonsRequestLoggingFilter      : Filter 'commonsRequestLoggingFilter' configured for use
2022-08-12 10:50:28.051  INFO 8496 --- [restartedMain] o.hibernate.jpa.internal.util.LogHelper  : HHH000204: Processing PersistenceUnitInfo [name: default]
2022-08-12 10:50:28.095  INFO 8496 --- [restartedMain] org.hibernate.Version                    : HHH000412: Hibernate ORM core version 5.4.30.Final
2022-08-12 10:50:28.265  INFO 8496 --- [restartedMain] o.hibernate.annotations.common.Version   : HCANN000001: Hibernate Commons Annotations {5.1.2.Final}
2022-08-12 10:50:28.345  INFO 8496 --- [restartedMain] com.zaxxer.hikari.HikariDataSource       : HikariPool-1 - Starting...
2022-08-12 10:50:28.519  INFO 8496 --- [restartedMain] com.zaxxer.hikari.HikariDataSource       : HikariPool-1 - Start completed.
2022-08-12 10:50:28.529  INFO 8496 --- [restartedMain] org.hibernate.dialect.Dialect            : HHH000400: Using dialect: org.hibernate.dialect.MySQL57Dialect
2022-08-12 10:50:29.117  INFO 8496 --- [restartedMain] o.h.e.t.j.p.i.JtaPlatformInitiator       : HHH000490: Using JtaPlatform implementation: [org.hibernate.engine.transaction.jta.platform.internal.NoJtaPlatform]
2022-08-12 10:50:29.124  INFO 8496 --- [restartedMain] j.LocalContainerEntityManagerFactoryBean : Initialized JPA EntityManagerFactory for persistence unit 'default'
2022-08-12 10:50:29.140  INFO 8496 --- [restartedMain] o.s.b.d.a.OptionalLiveReloadServer       : LiveReload server is running on port 35729
2022-08-12 10:50:29.152  WARN 8496 --- [restartedMain] ConfigServletWebServerApplicationContext : Exception encountered during context initialization - cancelling refresh attempt: org.springframework.beans.factory.UnsatisfiedDependencyException: Error creating bean with name 'roomController': Unsatisfied dependency expressed through field 'roomService'; nested exception is org.springframework.beans.factory.BeanCreationException: Error creating bean with name 'roomServiceImpl' defined in file [C:\SSAFY\Common_Project_02\backend\build\classes\java\main\com\ssafy\api\service\RoomServiceImpl.class]: Post-processing of merged bean definition failed; nested exception is java.lang.IllegalStateException: Lifecycle method annotation requires a no-arg method: void com.ssafy.api.service.RoomServiceImpl.init(java.lang.String,java.lang.String) throws io.openvidu.java.client.OpenViduJavaClientException,io.openvidu.java.client.OpenViduHttpException
2022-08-12 10:50:29.152  INFO 8496 --- [restartedMain] j.LocalContainerEntityManagerFactoryBean : Closing JPA EntityManagerFactory for persistence unit 'default'
2022-08-12 10:50:29.155  INFO 8496 --- [restartedMain] com.zaxxer.hikari.HikariDataSource       : HikariPool-1 - Shutdown initiated...
2022-08-12 10:50:29.159  INFO 8496 --- [restartedMain] com.zaxxer.hikari.HikariDataSource       : HikariPool-1 - Shutdown completed.
2022-08-12 10:50:29.160  INFO 8496 --- [restartedMain] o.apache.catalina.core.StandardService   : Stopping service [Tomcat]
2022-08-12 10:50:29.172  INFO 8496 --- [restartedMain] ConditionEvaluationReportLoggingListener : 

Error starting ApplicationContext. To display the conditions report re-run your application with 'debug' enabled.
2022-08-12 10:50:29.196 ERROR 8496 --- [restartedMain] o.s.boot.SpringApplication               : Application run failed

org.springframework.beans.factory.UnsatisfiedDependencyException: Error creating bean with name 'roomController': Unsatisfied dependency expressed through field 'roomService'; nested exception is org.springframework.beans.factory.BeanCreationException: Error creating bean with name 'roomServiceImpl' defined in file [C:\SSAFY\Common_Project_02\backend\build\classes\java\main\com\ssafy\api\service\RoomServiceImpl.class]: Post-processing of merged bean definition failed; nested exception is java.lang.IllegalStateException: Lifecycle method annotation requires a no-arg method: void com.ssafy.api.service.RoomServiceImpl.init(java.lang.String,java.lang.String) throws io.openvidu.java.client.OpenViduJavaClientException,io.openvidu.java.client.OpenViduHttpException
	at org.springframework.beans.factory.annotation.AutowiredAnnotationBeanPostProcessor$AutowiredFieldElement.resolveFieldValue(AutowiredAnnotationBeanPostProcessor.java:660) ~[spring-beans-5.3.6.jar:5.3.6]
	at org.springframework.beans.factory.annotation.AutowiredAnnotationBeanPostProcessor$AutowiredFieldElement.inject(AutowiredAnnotationBeanPostProcessor.java:640) ~[spring-beans-5.3.6.jar:5.3.6]
	at org.springframework.beans.factory.annotation.InjectionMetadata.inject(InjectionMetadata.java:119) ~[spring-beans-5.3.6.jar:5.3.6]
	at org.springframework.beans.factory.annotation.AutowiredAnnotationBeanPostProcessor.postProcessProperties(AutowiredAnnotationBeanPostProcessor.java:399) ~[spring-beans-5.3.6.jar:5.3.6]
	at org.springframework.beans.factory.support.AbstractAutowireCapableBeanFactory.populateBean(AbstractAutowireCapableBeanFactory.java:1413) ~[spring-beans-5.3.6.jar:5.3.6]
	at org.springframework.beans.factory.support.AbstractAutowireCapableBeanFactory.doCreateBean(AbstractAutowireCapableBeanFactory.java:601) ~[spring-beans-5.3.6.jar:5.3.6]
	at org.springframework.beans.factory.support.AbstractAutowireCapableBeanFactory.createBean(AbstractAutowireCapableBeanFactory.java:524) ~[spring-beans-5.3.6.jar:5.3.6]
	at org.springframework.beans.factory.support.AbstractBeanFactory.lambda$doGetBean$0(AbstractBeanFactory.java:335) ~[spring-beans-5.3.6.jar:5.3.6]
	at org.springframework.beans.factory.support.DefaultSingletonBeanRegistry.getSingleton(DefaultSingletonBeanRegistry.java:234) ~[spring-beans-5.3.6.jar:5.3.6]
	at org.springframework.beans.factory.support.AbstractBeanFactory.doGetBean(AbstractBeanFactory.java:333) ~[spring-beans-5.3.6.jar:5.3.6]
	at org.springframework.beans.factory.support.AbstractBeanFactory.getBean(AbstractBeanFactory.java:208) ~[spring-beans-5.3.6.jar:5.3.6]
	at org.springframework.beans.factory.support.DefaultListableBeanFactory.preInstantiateSingletons(DefaultListableBeanFactory.java:944) ~[spring-beans-5.3.6.jar:5.3.6]
	at org.springframework.context.support.AbstractApplicationContext.finishBeanFactoryInitialization(AbstractApplicationContext.java:918) ~[spring-context-5.3.6.jar:5.3.6]
	at org.springframework.context.support.AbstractApplicationContext.refresh(AbstractApplicationContext.java:583) ~[spring-context-5.3.6.jar:5.3.6]
	at org.springframework.boot.web.servlet.context.ServletWebServerApplicationContext.refresh(ServletWebServerApplicationContext.java:144) ~[spring-boot-2.4.5.jar:2.4.5]
	at org.springframework.boot.SpringApplication.refresh(SpringApplication.java:782) [spring-boot-2.4.5.jar:2.4.5]
	at org.springframework.boot.SpringApplication.refresh(SpringApplication.java:774) [spring-boot-2.4.5.jar:2.4.5]
	at org.springframework.boot.SpringApplication.refreshContext(SpringApplication.java:439) [spring-boot-2.4.5.jar:2.4.5]
	at org.springframework.boot.SpringApplication.run(SpringApplication.java:339) [spring-boot-2.4.5.jar:2.4.5]
	at org.springframework.boot.SpringApplication.run(SpringApplication.java:1340) [spring-boot-2.4.5.jar:2.4.5]
	at org.springframework.boot.SpringApplication.run(SpringApplication.java:1329) [spring-boot-2.4.5.jar:2.4.5]
	at com.ssafy.GroupCallApplication.main(GroupCallApplication.java:15) [main/:na]
	at sun.reflect.NativeMethodAccessorImpl.invoke0(Native Method) ~[na:1.8.0_192]
	at sun.reflect.NativeMethodAccessorImpl.invoke(NativeMethodAccessorImpl.java:62) ~[na:1.8.0_192]
	at sun.reflect.DelegatingMethodAccessorImpl.invoke(DelegatingMethodAccessorImpl.java:43) ~[na:1.8.0_192]
	at java.lang.reflect.Method.invoke(Method.java:498) ~[na:1.8.0_192]
	at org.springframework.boot.devtools.restart.RestartLauncher.run(RestartLauncher.java:49) [spring-boot-devtools-2.4.5.jar:2.4.5]
Caused by: org.springframework.beans.factory.BeanCreationException: Error creating bean with name 'roomServiceImpl' defined in file [C:\SSAFY\Common_Project_02\backend\build\classes\java\main\com\ssafy\api\service\RoomServiceImpl.class]: Post-processing of merged bean definition failed; nested exception is java.lang.IllegalStateException: Lifecycle method annotation requires a no-arg method: void com.ssafy.api.service.RoomServiceImpl.init(java.lang.String,java.lang.String) throws io.openvidu.java.client.OpenViduJavaClientException,io.openvidu.java.client.OpenViduHttpException
	at org.springframework.beans.factory.support.AbstractAutowireCapableBeanFactory.doCreateBean(AbstractAutowireCapableBeanFactory.java:579) ~[spring-beans-5.3.6.jar:5.3.6]
	at org.springframework.beans.factory.support.AbstractAutowireCapableBeanFactory.createBean(AbstractAutowireCapableBeanFactory.java:524) ~[spring-beans-5.3.6.jar:5.3.6]
	at org.springframework.beans.factory.support.AbstractBeanFactory.lambda$doGetBean$0(AbstractBeanFactory.java:335) ~[spring-beans-5.3.6.jar:5.3.6]
	at org.springframework.beans.factory.support.DefaultSingletonBeanRegistry.getSingleton(DefaultSingletonBeanRegistry.java:234) ~[spring-beans-5.3.6.jar:5.3.6]
	at org.springframework.beans.factory.support.AbstractBeanFactory.doGetBean(AbstractBeanFactory.java:333) ~[spring-beans-5.3.6.jar:5.3.6]
	at org.springframework.beans.factory.support.AbstractBeanFactory.getBean(AbstractBeanFactory.java:208) ~[spring-beans-5.3.6.jar:5.3.6]
	at org.springframework.beans.factory.config.DependencyDescriptor.resolveCandidate(DependencyDescriptor.java:276) ~[spring-beans-5.3.6.jar:5.3.6]
	at org.springframework.beans.factory.support.DefaultListableBeanFactory.doResolveDependency(DefaultListableBeanFactory.java:1380) ~[spring-beans-5.3.6.jar:5.3.6]
	at org.springframework.beans.factory.support.DefaultListableBeanFactory.resolveDependency(DefaultListableBeanFactory.java:1300) ~[spring-beans-5.3.6.jar:5.3.6]
	at org.springframework.beans.factory.annotation.AutowiredAnnotationBeanPostProcessor$AutowiredFieldElement.resolveFieldValue(AutowiredAnnotationBeanPostProcessor.java:657) ~[spring-beans-5.3.6.jar:5.3.6]
	... 26 common frames omitted
Caused by: java.lang.IllegalStateException: Lifecycle method annotation requires a no-arg method: void com.ssafy.api.service.RoomServiceImpl.init(java.lang.String,java.lang.String) throws io.openvidu.java.client.OpenViduJavaClientException,io.openvidu.java.client.OpenViduHttpException
	at org.springframework.beans.factory.annotation.InitDestroyAnnotationBeanPostProcessor$LifecycleElement.<init>(InitDestroyAnnotationBeanPostProcessor.java:372) ~[spring-beans-5.3.6.jar:5.3.6]
	at org.springframework.beans.factory.annotation.InitDestroyAnnotationBeanPostProcessor.lambda$buildLifecycleMetadata$0(InitDestroyAnnotationBeanPostProcessor.java:234) ~[spring-beans-5.3.6.jar:5.3.6]
	at org.springframework.util.ReflectionUtils.doWithLocalMethods(ReflectionUtils.java:324) ~[spring-core-5.3.6.jar:5.3.6]
	at org.springframework.beans.factory.annotation.InitDestroyAnnotationBeanPostProcessor.buildLifecycleMetadata(InitDestroyAnnotationBeanPostProcessor.java:232) ~[spring-beans-5.3.6.jar:5.3.6]
	at org.springframework.beans.factory.annotation.InitDestroyAnnotationBeanPostProcessor.findLifecycleMetadata(InitDestroyAnnotationBeanPostProcessor.java:210) ~[spring-beans-5.3.6.jar:5.3.6]
	at org.springframework.beans.factory.annotation.InitDestroyAnnotationBeanPostProcessor.postProcessMergedBeanDefinition(InitDestroyAnnotationBeanPostProcessor.java:149) ~[spring-beans-5.3.6.jar:5.3.6]
	at org.springframework.context.annotation.CommonAnnotationBeanPostProcessor.postProcessMergedBeanDefinition(CommonAnnotationBeanPostProcessor.java:294) ~[spring-context-5.3.6.jar:5.3.6]
	at org.springframework.beans.factory.support.AbstractAutowireCapableBeanFactory.applyMergedBeanDefinitionPostProcessors(AbstractAutowireCapableBeanFactory.java:1098) ~[spring-beans-5.3.6.jar:5.3.6]
	at org.springframework.beans.factory.support.AbstractAutowireCapableBeanFactory.doCreateBean(AbstractAutowireCapableBeanFactory.java:576) ~[spring-beans-5.3.6.jar:5.3.6]
	... 35 common frames omitted

2022-08-12 10:55:05.539  INFO 9916 --- [restartedMain] com.ssafy.GroupCallApplication           : Starting GroupCallApplication using Java 1.8.0_192 on DESKTOP-KVCQHCD with PID 9916 (C:\SSAFY\Common_Project_02\backend\build\classes\java\main started by SSAFY in C:\SSAFY\Common_Project_02\backend)
2022-08-12 10:55:05.541  INFO 9916 --- [restartedMain] com.ssafy.GroupCallApplication           : No active profile set, falling back to default profiles: default
2022-08-12 10:55:05.579  INFO 9916 --- [restartedMain] .e.DevToolsPropertyDefaultsPostProcessor : Devtools property defaults active! Set 'spring.devtools.add-properties' to 'false' to disable
2022-08-12 10:55:05.579  INFO 9916 --- [restartedMain] .e.DevToolsPropertyDefaultsPostProcessor : For additional web related logging consider setting the 'logging.level.web' property to 'DEBUG'
2022-08-12 10:55:06.593  INFO 9916 --- [restartedMain] .s.d.r.c.RepositoryConfigurationDelegate : Bootstrapping Spring Data JPA repositories in DEFAULT mode.
2022-08-12 10:55:06.667  INFO 9916 --- [restartedMain] .s.d.r.c.RepositoryConfigurationDelegate : Finished Spring Data repository scanning in 68 ms. Found 7 JPA repository interfaces.
2022-08-12 10:55:06.950  INFO 9916 --- [restartedMain] trationDelegate$BeanPostProcessorChecker : Bean 'org.springframework.security.access.expression.method.DefaultMethodSecurityExpressionHandler@6a1a9a99' of type [org.springframework.security.access.expression.method.DefaultMethodSecurityExpressionHandler] is not eligible for getting processed by all BeanPostProcessors (for example: not eligible for auto-proxying)
2022-08-12 10:55:06.953  INFO 9916 --- [restartedMain] trationDelegate$BeanPostProcessorChecker : Bean 'methodSecurityMetadataSource' of type [org.springframework.security.access.method.DelegatingMethodSecurityMetadataSource] is not eligible for getting processed by all BeanPostProcessors (for example: not eligible for auto-proxying)
2022-08-12 10:55:07.609  INFO 9916 --- [restartedMain] o.s.b.w.embedded.tomcat.TomcatWebServer  : Tomcat initialized with port(s): 8080 (https)
2022-08-12 10:55:07.616  INFO 9916 --- [restartedMain] o.apache.catalina.core.StandardService   : Starting service [Tomcat]
2022-08-12 10:55:07.617  INFO 9916 --- [restartedMain] org.apache.catalina.core.StandardEngine  : Starting Servlet engine: [Apache Tomcat/9.0.45]
2022-08-12 10:55:07.703  INFO 9916 --- [restartedMain] o.a.c.c.C.[Tomcat].[localhost].[/]       : Initializing Spring embedded WebApplicationContext
2022-08-12 10:55:07.704  INFO 9916 --- [restartedMain] w.s.c.ServletWebServerApplicationContext : Root WebApplicationContext: initialization completed in 2124 ms
2022-08-12 10:55:07.843 DEBUG 9916 --- [restartedMain] o.s.web.filter.CharacterEncodingFilter   : Filter 'characterEncodingFilter' configured for use
2022-08-12 10:55:07.844 DEBUG 9916 --- [restartedMain] o.s.w.f.CommonsRequestLoggingFilter      : Filter 'commonsRequestLoggingFilter' configured for use
2022-08-12 10:55:07.966  INFO 9916 --- [restartedMain] o.hibernate.jpa.internal.util.LogHelper  : HHH000204: Processing PersistenceUnitInfo [name: default]
2022-08-12 10:55:08.011  INFO 9916 --- [restartedMain] org.hibernate.Version                    : HHH000412: Hibernate ORM core version 5.4.30.Final
2022-08-12 10:55:08.170  INFO 9916 --- [restartedMain] o.hibernate.annotations.common.Version   : HCANN000001: Hibernate Commons Annotations {5.1.2.Final}
2022-08-12 10:55:08.259  INFO 9916 --- [restartedMain] com.zaxxer.hikari.HikariDataSource       : HikariPool-1 - Starting...
2022-08-12 10:55:08.444  INFO 9916 --- [restartedMain] com.zaxxer.hikari.HikariDataSource       : HikariPool-1 - Start completed.
2022-08-12 10:55:08.455  INFO 9916 --- [restartedMain] org.hibernate.dialect.Dialect            : HHH000400: Using dialect: org.hibernate.dialect.MySQL57Dialect
2022-08-12 10:55:09.043  INFO 9916 --- [restartedMain] o.h.e.t.j.p.i.JtaPlatformInitiator       : HHH000490: Using JtaPlatform implementation: [org.hibernate.engine.transaction.jta.platform.internal.NoJtaPlatform]
2022-08-12 10:55:09.050  INFO 9916 --- [restartedMain] j.LocalContainerEntityManagerFactoryBean : Initialized JPA EntityManagerFactory for persistence unit 'default'
2022-08-12 10:55:09.066  INFO 9916 --- [restartedMain] o.s.b.d.a.OptionalLiveReloadServer       : LiveReload server is running on port 35729
2022-08-12 10:55:09.855  INFO 9916 --- [restartedMain] io.openvidu.java.client.OpenVidu         : Active sessions info fetched: []
2022-08-12 10:55:09.945  WARN 9916 --- [restartedMain] JpaBaseConfiguration$JpaWebConfiguration : spring.jpa.open-in-view is enabled by default. Therefore, database queries may be performed during view rendering. Explicitly configure spring.jpa.open-in-view to disable this warning
2022-08-12 10:55:10.416 DEBUG 9916 --- [restartedMain] s.w.s.m.m.a.RequestMappingHandlerMapping : 40 mappings in 'requestMappingHandlerMapping'
2022-08-12 10:55:10.483  INFO 9916 --- [restartedMain] o.s.b.a.e.web.EndpointLinksResolver      : Exposing 2 endpoint(s) beneath base path '/actuator'
2022-08-12 10:55:10.646  INFO 9916 --- [restartedMain] o.s.s.web.DefaultSecurityFilterChain     : Will secure any request with [org.springframework.security.web.context.request.async.WebAsyncManagerIntegrationFilter@20d5fc24, org.springframework.security.web.context.SecurityContextPersistenceFilter@1b8e9e90, org.springframework.security.web.header.HeaderWriterFilter@29fd737e, org.springframework.web.filter.CorsFilter@50f5f751, org.springframework.security.web.authentication.logout.LogoutFilter@3047bda3, com.ssafy.common.auth.JwtAuthenticationFilter@7070e7dd, org.springframework.security.web.savedrequest.RequestCacheAwareFilter@6d201847, org.springframework.security.web.servletapi.SecurityContextHolderAwareRequestFilter@3c28a78c, org.springframework.security.web.authentication.AnonymousAuthenticationFilter@414003c2, org.springframework.security.web.session.SessionManagementFilter@1e316715, org.springframework.security.web.access.ExceptionTranslationFilter@49675ad4, org.springframework.security.web.access.intercept.FilterSecurityInterceptor@24069111]
2022-08-12 10:55:10.708  INFO 9916 --- [restartedMain] o.s.s.concurrent.ThreadPoolTaskExecutor  : Initializing ExecutorService 'applicationTaskExecutor'
2022-08-12 10:55:10.721 DEBUG 9916 --- [restartedMain] s.w.s.m.m.a.RequestMappingHandlerAdapter : ControllerAdvice beans: 0 @ModelAttribute, 0 @InitBinder, 1 RequestBodyAdvice, 1 ResponseBodyAdvice
2022-08-12 10:55:10.758 DEBUG 9916 --- [restartedMain] o.s.w.s.handler.SimpleUrlHandlerMapping  : Patterns [/swagger-ui/] in 'viewControllerHandlerMapping'
2022-08-12 10:55:10.990 DEBUG 9916 --- [restartedMain] o.s.w.s.handler.SimpleUrlHandlerMapping  : Patterns [/resources/**, /swagger-ui.html, /webjars/**, /css/**, /fonts/**, /icons/**, /img/**, /js/**, /swagger-ui/**, /**] in 'resourceHandlerMapping'
2022-08-12 10:55:10.997 DEBUG 9916 --- [restartedMain] .m.m.a.ExceptionHandlerExceptionResolver : ControllerAdvice beans: 1 @ExceptionHandler, 1 ResponseBodyAdvice
2022-08-12 10:55:11.354  INFO 9916 --- [restartedMain] o.s.b.w.embedded.tomcat.TomcatWebServer  : Tomcat started on port(s): 8080 (https) with context path ''
2022-08-12 10:55:11.626  INFO 9916 --- [restartedMain] com.ssafy.GroupCallApplication           : Started GroupCallApplication in 6.405 seconds (JVM running for 6.896)
2022-08-12 10:55:58.730  INFO 2580 --- [restartedMain] com.ssafy.GroupCallApplication           : Starting GroupCallApplication using Java 1.8.0_192 on DESKTOP-KVCQHCD with PID 2580 (C:\SSAFY\Common_Project_02\backend\build\classes\java\main started by SSAFY in C:\SSAFY\Common_Project_02\backend)
2022-08-12 10:55:58.732  INFO 2580 --- [restartedMain] com.ssafy.GroupCallApplication           : No active profile set, falling back to default profiles: default
2022-08-12 10:55:58.769  INFO 2580 --- [restartedMain] .e.DevToolsPropertyDefaultsPostProcessor : Devtools property defaults active! Set 'spring.devtools.add-properties' to 'false' to disable
2022-08-12 10:55:58.769  INFO 2580 --- [restartedMain] .e.DevToolsPropertyDefaultsPostProcessor : For additional web related logging consider setting the 'logging.level.web' property to 'DEBUG'
2022-08-12 10:55:59.795  INFO 2580 --- [restartedMain] .s.d.r.c.RepositoryConfigurationDelegate : Bootstrapping Spring Data JPA repositories in DEFAULT mode.
2022-08-12 10:55:59.900  INFO 2580 --- [restartedMain] .s.d.r.c.RepositoryConfigurationDelegate : Finished Spring Data repository scanning in 97 ms. Found 7 JPA repository interfaces.
2022-08-12 10:56:00.209  INFO 2580 --- [restartedMain] trationDelegate$BeanPostProcessorChecker : Bean 'org.springframework.security.access.expression.method.DefaultMethodSecurityExpressionHandler@31866711' of type [org.springframework.security.access.expression.method.DefaultMethodSecurityExpressionHandler] is not eligible for getting processed by all BeanPostProcessors (for example: not eligible for auto-proxying)
2022-08-12 10:56:00.214  INFO 2580 --- [restartedMain] trationDelegate$BeanPostProcessorChecker : Bean 'methodSecurityMetadataSource' of type [org.springframework.security.access.method.DelegatingMethodSecurityMetadataSource] is not eligible for getting processed by all BeanPostProcessors (for example: not eligible for auto-proxying)
2022-08-12 10:56:00.877  INFO 2580 --- [restartedMain] o.s.b.w.embedded.tomcat.TomcatWebServer  : Tomcat initialized with port(s): 8080 (https)
2022-08-12 10:56:00.885  INFO 2580 --- [restartedMain] o.apache.catalina.core.StandardService   : Starting service [Tomcat]
2022-08-12 10:56:00.885  INFO 2580 --- [restartedMain] org.apache.catalina.core.StandardEngine  : Starting Servlet engine: [Apache Tomcat/9.0.45]
2022-08-12 10:56:00.976  INFO 2580 --- [restartedMain] o.a.c.c.C.[Tomcat].[localhost].[/]       : Initializing Spring embedded WebApplicationContext
2022-08-12 10:56:00.976  INFO 2580 --- [restartedMain] w.s.c.ServletWebServerApplicationContext : Root WebApplicationContext: initialization completed in 2206 ms
2022-08-12 10:56:01.101 DEBUG 2580 --- [restartedMain] o.s.web.filter.CharacterEncodingFilter   : Filter 'characterEncodingFilter' configured for use
2022-08-12 10:56:01.101 DEBUG 2580 --- [restartedMain] o.s.w.f.CommonsRequestLoggingFilter      : Filter 'commonsRequestLoggingFilter' configured for use
2022-08-12 10:56:01.223  INFO 2580 --- [restartedMain] o.hibernate.jpa.internal.util.LogHelper  : HHH000204: Processing PersistenceUnitInfo [name: default]
2022-08-12 10:56:01.266  INFO 2580 --- [restartedMain] org.hibernate.Version                    : HHH000412: Hibernate ORM core version 5.4.30.Final
2022-08-12 10:56:01.426  INFO 2580 --- [restartedMain] o.hibernate.annotations.common.Version   : HCANN000001: Hibernate Commons Annotations {5.1.2.Final}
2022-08-12 10:56:01.508  INFO 2580 --- [restartedMain] com.zaxxer.hikari.HikariDataSource       : HikariPool-1 - Starting...
2022-08-12 10:56:01.692  INFO 2580 --- [restartedMain] com.zaxxer.hikari.HikariDataSource       : HikariPool-1 - Start completed.
2022-08-12 10:56:01.703  INFO 2580 --- [restartedMain] org.hibernate.dialect.Dialect            : HHH000400: Using dialect: org.hibernate.dialect.MySQL57Dialect
2022-08-12 10:56:02.310  INFO 2580 --- [restartedMain] o.h.e.t.j.p.i.JtaPlatformInitiator       : HHH000490: Using JtaPlatform implementation: [org.hibernate.engine.transaction.jta.platform.internal.NoJtaPlatform]
2022-08-12 10:56:02.319  INFO 2580 --- [restartedMain] j.LocalContainerEntityManagerFactoryBean : Initialized JPA EntityManagerFactory for persistence unit 'default'
2022-08-12 10:56:02.336  INFO 2580 --- [restartedMain] o.s.b.d.a.OptionalLiveReloadServer       : LiveReload server is running on port 35729
2022-08-12 10:56:03.094  INFO 2580 --- [restartedMain] io.openvidu.java.client.Session          : Session 'ses_BokUIuiKXn' created
2022-08-12 10:56:03.107  INFO 2580 --- [restartedMain] io.openvidu.java.client.OpenVidu         : Available session 'ses_BokUIuiKXn' info fetched. Any change: false
2022-08-12 10:56:03.108  INFO 2580 --- [restartedMain] io.openvidu.java.client.OpenVidu         : Active sessions info fetched: [ses_BokUIuiKXn]
2022-08-12 10:56:03.120  INFO 2580 --- [restartedMain] io.openvidu.java.client.Session          : Session ses_BokUIuiKXn closed
2022-08-12 10:56:03.201  WARN 2580 --- [restartedMain] JpaBaseConfiguration$JpaWebConfiguration : spring.jpa.open-in-view is enabled by default. Therefore, database queries may be performed during view rendering. Explicitly configure spring.jpa.open-in-view to disable this warning
2022-08-12 10:56:03.689 DEBUG 2580 --- [restartedMain] s.w.s.m.m.a.RequestMappingHandlerMapping : 40 mappings in 'requestMappingHandlerMapping'
2022-08-12 10:56:03.755  INFO 2580 --- [restartedMain] o.s.b.a.e.web.EndpointLinksResolver      : Exposing 2 endpoint(s) beneath base path '/actuator'
2022-08-12 10:56:03.906  INFO 2580 --- [restartedMain] o.s.s.web.DefaultSecurityFilterChain     : Will secure any request with [org.springframework.security.web.context.request.async.WebAsyncManagerIntegrationFilter@de6342f, org.springframework.security.web.context.SecurityContextPersistenceFilter@4487e9d5, org.springframework.security.web.header.HeaderWriterFilter@8dc756, org.springframework.web.filter.CorsFilter@5b04befa, org.springframework.security.web.authentication.logout.LogoutFilter@2b538012, com.ssafy.common.auth.JwtAuthenticationFilter@389e31ab, org.springframework.security.web.savedrequest.RequestCacheAwareFilter@5f2c9566, org.springframework.security.web.servletapi.SecurityContextHolderAwareRequestFilter@3cff5c9b, org.springframework.security.web.authentication.AnonymousAuthenticationFilter@d9af0c5, org.springframework.security.web.session.SessionManagementFilter@16148519, org.springframework.security.web.access.ExceptionTranslationFilter@3ae6ace9, org.springframework.security.web.access.intercept.FilterSecurityInterceptor@68a4d49]
2022-08-12 10:56:03.961  INFO 2580 --- [restartedMain] o.s.s.concurrent.ThreadPoolTaskExecutor  : Initializing ExecutorService 'applicationTaskExecutor'
2022-08-12 10:56:03.973 DEBUG 2580 --- [restartedMain] s.w.s.m.m.a.RequestMappingHandlerAdapter : ControllerAdvice beans: 0 @ModelAttribute, 0 @InitBinder, 1 RequestBodyAdvice, 1 ResponseBodyAdvice
2022-08-12 10:56:04.006 DEBUG 2580 --- [restartedMain] o.s.w.s.handler.SimpleUrlHandlerMapping  : Patterns [/swagger-ui/] in 'viewControllerHandlerMapping'
2022-08-12 10:56:04.237 DEBUG 2580 --- [restartedMain] o.s.w.s.handler.SimpleUrlHandlerMapping  : Patterns [/resources/**, /swagger-ui.html, /webjars/**, /css/**, /fonts/**, /icons/**, /img/**, /js/**, /swagger-ui/**, /**] in 'resourceHandlerMapping'
2022-08-12 10:56:04.244 DEBUG 2580 --- [restartedMain] .m.m.a.ExceptionHandlerExceptionResolver : ControllerAdvice beans: 1 @ExceptionHandler, 1 ResponseBodyAdvice
2022-08-12 10:56:04.600  INFO 2580 --- [restartedMain] o.s.b.w.embedded.tomcat.TomcatWebServer  : Tomcat started on port(s): 8080 (https) with context path ''
2022-08-12 10:56:04.871  INFO 2580 --- [restartedMain] com.ssafy.GroupCallApplication           : Started GroupCallApplication in 6.513 seconds (JVM running for 7.314)
2022-08-12 13:40:47.539  INFO 10652 --- [restartedMain] com.ssafy.GroupCallApplication           : Starting GroupCallApplication using Java 1.8.0_192 on DESKTOP-KVCQHCD with PID 10652 (C:\SSAFY\Common_Project_02\backend\build\classes\java\main started by SSAFY in C:\SSAFY\Common_Project_02\backend)
2022-08-12 13:40:47.541  INFO 10652 --- [restartedMain] com.ssafy.GroupCallApplication           : No active profile set, falling back to default profiles: default
2022-08-12 13:40:47.595  INFO 10652 --- [restartedMain] .e.DevToolsPropertyDefaultsPostProcessor : Devtools property defaults active! Set 'spring.devtools.add-properties' to 'false' to disable
2022-08-12 13:40:47.596  INFO 10652 --- [restartedMain] .e.DevToolsPropertyDefaultsPostProcessor : For additional web related logging consider setting the 'logging.level.web' property to 'DEBUG'
2022-08-12 13:40:48.697  INFO 10652 --- [restartedMain] .s.d.r.c.RepositoryConfigurationDelegate : Bootstrapping Spring Data JPA repositories in DEFAULT mode.
2022-08-12 13:40:48.792  INFO 10652 --- [restartedMain] .s.d.r.c.RepositoryConfigurationDelegate : Finished Spring Data repository scanning in 88 ms. Found 7 JPA repository interfaces.
2022-08-12 13:40:49.107  INFO 10652 --- [restartedMain] trationDelegate$BeanPostProcessorChecker : Bean 'org.springframework.security.access.expression.method.DefaultMethodSecurityExpressionHandler@6a64ea71' of type [org.springframework.security.access.expression.method.DefaultMethodSecurityExpressionHandler] is not eligible for getting processed by all BeanPostProcessors (for example: not eligible for auto-proxying)
2022-08-12 13:40:49.111  INFO 10652 --- [restartedMain] trationDelegate$BeanPostProcessorChecker : Bean 'methodSecurityMetadataSource' of type [org.springframework.security.access.method.DelegatingMethodSecurityMetadataSource] is not eligible for getting processed by all BeanPostProcessors (for example: not eligible for auto-proxying)
2022-08-12 13:40:49.821  INFO 10652 --- [restartedMain] o.s.b.w.embedded.tomcat.TomcatWebServer  : Tomcat initialized with port(s): 8080 (https)
2022-08-12 13:40:49.829  INFO 10652 --- [restartedMain] o.apache.catalina.core.StandardService   : Starting service [Tomcat]
2022-08-12 13:40:49.829  INFO 10652 --- [restartedMain] org.apache.catalina.core.StandardEngine  : Starting Servlet engine: [Apache Tomcat/9.0.45]
2022-08-12 13:40:49.922  INFO 10652 --- [restartedMain] o.a.c.c.C.[Tomcat].[localhost].[/]       : Initializing Spring embedded WebApplicationContext
2022-08-12 13:40:49.923  INFO 10652 --- [restartedMain] w.s.c.ServletWebServerApplicationContext : Root WebApplicationContext: initialization completed in 2326 ms
2022-08-12 13:40:50.073 DEBUG 10652 --- [restartedMain] o.s.web.filter.CharacterEncodingFilter   : Filter 'characterEncodingFilter' configured for use
2022-08-12 13:40:50.073 DEBUG 10652 --- [restartedMain] o.s.w.f.CommonsRequestLoggingFilter      : Filter 'commonsRequestLoggingFilter' configured for use
2022-08-12 13:40:50.198  INFO 10652 --- [restartedMain] o.hibernate.jpa.internal.util.LogHelper  : HHH000204: Processing PersistenceUnitInfo [name: default]
2022-08-12 13:40:50.246  INFO 10652 --- [restartedMain] org.hibernate.Version                    : HHH000412: Hibernate ORM core version 5.4.30.Final
2022-08-12 13:40:50.429  INFO 10652 --- [restartedMain] o.hibernate.annotations.common.Version   : HCANN000001: Hibernate Commons Annotations {5.1.2.Final}
2022-08-12 13:40:50.516  INFO 10652 --- [restartedMain] com.zaxxer.hikari.HikariDataSource       : HikariPool-1 - Starting...
2022-08-12 13:40:50.719  INFO 10652 --- [restartedMain] com.zaxxer.hikari.HikariDataSource       : HikariPool-1 - Start completed.
2022-08-12 13:40:50.731  INFO 10652 --- [restartedMain] org.hibernate.dialect.Dialect            : HHH000400: Using dialect: org.hibernate.dialect.MySQL57Dialect
2022-08-12 13:40:50.892 ERROR 10652 --- [restartedMain] j.LocalContainerEntityManagerFactoryBean : Failed to initialize JPA EntityManagerFactory: Table [room_info] contains logical column name [hostId] referring to multiple physical column names: [hostid], [host_id]
2022-08-12 13:40:50.893  WARN 10652 --- [restartedMain] ConfigServletWebServerApplicationContext : Exception encountered during context initialization - cancelling refresh attempt: org.springframework.beans.factory.BeanCreationException: Error creating bean with name 'entityManagerFactory' defined in class path resource [org/springframework/boot/autoconfigure/orm/jpa/HibernateJpaConfiguration.class]: Invocation of init method failed; nested exception is org.hibernate.DuplicateMappingException: Table [room_info] contains logical column name [hostId] referring to multiple physical column names: [hostid], [host_id]
2022-08-12 13:40:50.895  INFO 10652 --- [restartedMain] com.zaxxer.hikari.HikariDataSource       : HikariPool-1 - Shutdown initiated...
2022-08-12 13:40:50.923  INFO 10652 --- [restartedMain] com.zaxxer.hikari.HikariDataSource       : HikariPool-1 - Shutdown completed.
2022-08-12 13:40:50.926  INFO 10652 --- [restartedMain] o.apache.catalina.core.StandardService   : Stopping service [Tomcat]
2022-08-12 13:40:50.943  INFO 10652 --- [restartedMain] ConditionEvaluationReportLoggingListener : 

Error starting ApplicationContext. To display the conditions report re-run your application with 'debug' enabled.
2022-08-12 13:40:50.966 ERROR 10652 --- [restartedMain] o.s.boot.SpringApplication               : Application run failed

org.springframework.beans.factory.BeanCreationException: Error creating bean with name 'entityManagerFactory' defined in class path resource [org/springframework/boot/autoconfigure/orm/jpa/HibernateJpaConfiguration.class]: Invocation of init method failed; nested exception is org.hibernate.DuplicateMappingException: Table [room_info] contains logical column name [hostId] referring to multiple physical column names: [hostid], [host_id]
	at org.springframework.beans.factory.support.AbstractAutowireCapableBeanFactory.initializeBean(AbstractAutowireCapableBeanFactory.java:1786) ~[spring-beans-5.3.6.jar:5.3.6]
	at org.springframework.beans.factory.support.AbstractAutowireCapableBeanFactory.doCreateBean(AbstractAutowireCapableBeanFactory.java:602) ~[spring-beans-5.3.6.jar:5.3.6]
	at org.springframework.beans.factory.support.AbstractAutowireCapableBeanFactory.createBean(AbstractAutowireCapableBeanFactory.java:524) ~[spring-beans-5.3.6.jar:5.3.6]
	at org.springframework.beans.factory.support.AbstractBeanFactory.lambda$doGetBean$0(AbstractBeanFactory.java:335) ~[spring-beans-5.3.6.jar:5.3.6]
	at org.springframework.beans.factory.support.DefaultSingletonBeanRegistry.getSingleton(DefaultSingletonBeanRegistry.java:234) ~[spring-beans-5.3.6.jar:5.3.6]
	at org.springframework.beans.factory.support.AbstractBeanFactory.doGetBean(AbstractBeanFactory.java:333) ~[spring-beans-5.3.6.jar:5.3.6]
	at org.springframework.beans.factory.support.AbstractBeanFactory.getBean(AbstractBeanFactory.java:208) ~[spring-beans-5.3.6.jar:5.3.6]
	at org.springframework.context.support.AbstractApplicationContext.getBean(AbstractApplicationContext.java:1154) ~[spring-context-5.3.6.jar:5.3.6]
	at org.springframework.context.support.AbstractApplicationContext.finishBeanFactoryInitialization(AbstractApplicationContext.java:908) ~[spring-context-5.3.6.jar:5.3.6]
	at org.springframework.context.support.AbstractApplicationContext.refresh(AbstractApplicationContext.java:583) ~[spring-context-5.3.6.jar:5.3.6]
	at org.springframework.boot.web.servlet.context.ServletWebServerApplicationContext.refresh(ServletWebServerApplicationContext.java:144) ~[spring-boot-2.4.5.jar:2.4.5]
	at org.springframework.boot.SpringApplication.refresh(SpringApplication.java:782) [spring-boot-2.4.5.jar:2.4.5]
	at org.springframework.boot.SpringApplication.refresh(SpringApplication.java:774) [spring-boot-2.4.5.jar:2.4.5]
	at org.springframework.boot.SpringApplication.refreshContext(SpringApplication.java:439) [spring-boot-2.4.5.jar:2.4.5]
	at org.springframework.boot.SpringApplication.run(SpringApplication.java:339) [spring-boot-2.4.5.jar:2.4.5]
	at org.springframework.boot.SpringApplication.run(SpringApplication.java:1340) [spring-boot-2.4.5.jar:2.4.5]
	at org.springframework.boot.SpringApplication.run(SpringApplication.java:1329) [spring-boot-2.4.5.jar:2.4.5]
	at com.ssafy.GroupCallApplication.main(GroupCallApplication.java:15) [main/:na]
	at sun.reflect.NativeMethodAccessorImpl.invoke0(Native Method) ~[na:1.8.0_192]
	at sun.reflect.NativeMethodAccessorImpl.invoke(NativeMethodAccessorImpl.java:62) ~[na:1.8.0_192]
	at sun.reflect.DelegatingMethodAccessorImpl.invoke(DelegatingMethodAccessorImpl.java:43) ~[na:1.8.0_192]
	at java.lang.reflect.Method.invoke(Method.java:498) ~[na:1.8.0_192]
	at org.springframework.boot.devtools.restart.RestartLauncher.run(RestartLauncher.java:49) [spring-boot-devtools-2.4.5.jar:2.4.5]
Caused by: org.hibernate.DuplicateMappingException: Table [room_info] contains logical column name [hostId] referring to multiple physical column names: [hostid], [host_id]
	at org.hibernate.boot.internal.InFlightMetadataCollectorImpl$TableColumnNameBinding.bindLogicalToPhysical(InFlightMetadataCollectorImpl.java:920) ~[hibernate-core-5.4.30.Final.jar:5.4.30.Final]
	at org.hibernate.boot.internal.InFlightMetadataCollectorImpl$TableColumnNameBinding.addBinding(InFlightMetadataCollectorImpl.java:908) ~[hibernate-core-5.4.30.Final.jar:5.4.30.Final]
	at org.hibernate.boot.internal.InFlightMetadataCollectorImpl.addColumnNameBinding(InFlightMetadataCollectorImpl.java:979) ~[hibernate-core-5.4.30.Final.jar:5.4.30.Final]
	at org.hibernate.boot.internal.InFlightMetadataCollectorImpl.addColumnNameBinding(InFlightMetadataCollectorImpl.java:960) ~[hibernate-core-5.4.30.Final.jar:5.4.30.Final]
	at org.hibernate.cfg.Ejb3JoinColumn.addColumnBinding(Ejb3JoinColumn.java:788) ~[hibernate-core-5.4.30.Final.jar:5.4.30.Final]
	at org.hibernate.cfg.Ejb3Column.linkWithValue(Ejb3Column.java:371) ~[hibernate-core-5.4.30.Final.jar:5.4.30.Final]
	at org.hibernate.cfg.annotations.TableBinder.bindFk(TableBinder.java:685) ~[hibernate-core-5.4.30.Final.jar:5.4.30.Final]
	at org.hibernate.cfg.ToOneFkSecondPass.doSecondPass(ToOneFkSecondPass.java:105) ~[hibernate-core-5.4.30.Final.jar:5.4.30.Final]
	at org.hibernate.boot.internal.InFlightMetadataCollectorImpl.processEndOfQueue(InFlightMetadataCollectorImpl.java:1823) ~[hibernate-core-5.4.30.Final.jar:5.4.30.Final]
	at org.hibernate.boot.internal.InFlightMetadataCollectorImpl.processFkSecondPassesInOrder(InFlightMetadataCollectorImpl.java:1767) ~[hibernate-core-5.4.30.Final.jar:5.4.30.Final]
	at org.hibernate.boot.internal.InFlightMetadataCollectorImpl.processSecondPasses(InFlightMetadataCollectorImpl.java:1655) ~[hibernate-core-5.4.30.Final.jar:5.4.30.Final]
	at org.hibernate.boot.model.process.spi.MetadataBuildingProcess.complete(MetadataBuildingProcess.java:295) ~[hibernate-core-5.4.30.Final.jar:5.4.30.Final]
	at org.hibernate.jpa.boot.internal.EntityManagerFactoryBuilderImpl.metadata(EntityManagerFactoryBuilderImpl.java:1224) ~[hibernate-core-5.4.30.Final.jar:5.4.30.Final]
	at org.hibernate.jpa.boot.internal.EntityManagerFactoryBuilderImpl.build(EntityManagerFactoryBuilderImpl.java:1255) ~[hibernate-core-5.4.30.Final.jar:5.4.30.Final]
	at org.springframework.orm.jpa.vendor.SpringHibernateJpaPersistenceProvider.createContainerEntityManagerFactory(SpringHibernateJpaPersistenceProvider.java:58) ~[spring-orm-5.3.6.jar:5.3.6]
	at org.springframework.orm.jpa.LocalContainerEntityManagerFactoryBean.createNativeEntityManagerFactory(LocalContainerEntityManagerFactoryBean.java:365) ~[spring-orm-5.3.6.jar:5.3.6]
	at org.springframework.orm.jpa.AbstractEntityManagerFactoryBean.buildNativeEntityManagerFactory(AbstractEntityManagerFactoryBean.java:409) ~[spring-orm-5.3.6.jar:5.3.6]
	at org.springframework.orm.jpa.AbstractEntityManagerFactoryBean.afterPropertiesSet(AbstractEntityManagerFactoryBean.java:396) ~[spring-orm-5.3.6.jar:5.3.6]
	at org.springframework.orm.jpa.LocalContainerEntityManagerFactoryBean.afterPropertiesSet(LocalContainerEntityManagerFactoryBean.java:341) ~[spring-orm-5.3.6.jar:5.3.6]
	at org.springframework.beans.factory.support.AbstractAutowireCapableBeanFactory.invokeInitMethods(AbstractAutowireCapableBeanFactory.java:1845) ~[spring-beans-5.3.6.jar:5.3.6]
	at org.springframework.beans.factory.support.AbstractAutowireCapableBeanFactory.initializeBean(AbstractAutowireCapableBeanFactory.java:1782) ~[spring-beans-5.3.6.jar:5.3.6]
	... 22 common frames omitted

2022-08-12 13:42:17.860  INFO 14844 --- [restartedMain] com.ssafy.GroupCallApplication           : Starting GroupCallApplication using Java 1.8.0_192 on DESKTOP-KVCQHCD with PID 14844 (C:\SSAFY\Common_Project_02\backend\build\classes\java\main started by SSAFY in C:\SSAFY\Common_Project_02\backend)
2022-08-12 13:42:17.864  INFO 14844 --- [restartedMain] com.ssafy.GroupCallApplication           : No active profile set, falling back to default profiles: default
2022-08-12 13:42:17.918  INFO 14844 --- [restartedMain] .e.DevToolsPropertyDefaultsPostProcessor : Devtools property defaults active! Set 'spring.devtools.add-properties' to 'false' to disable
2022-08-12 13:42:17.918  INFO 14844 --- [restartedMain] .e.DevToolsPropertyDefaultsPostProcessor : For additional web related logging consider setting the 'logging.level.web' property to 'DEBUG'
2022-08-12 13:42:19.148  INFO 14844 --- [restartedMain] .s.d.r.c.RepositoryConfigurationDelegate : Bootstrapping Spring Data JPA repositories in DEFAULT mode.
2022-08-12 13:42:19.239  INFO 14844 --- [restartedMain] .s.d.r.c.RepositoryConfigurationDelegate : Finished Spring Data repository scanning in 84 ms. Found 7 JPA repository interfaces.
2022-08-12 13:42:19.553  INFO 14844 --- [restartedMain] trationDelegate$BeanPostProcessorChecker : Bean 'org.springframework.security.access.expression.method.DefaultMethodSecurityExpressionHandler@360a7ae1' of type [org.springframework.security.access.expression.method.DefaultMethodSecurityExpressionHandler] is not eligible for getting processed by all BeanPostProcessors (for example: not eligible for auto-proxying)
2022-08-12 13:42:19.558  INFO 14844 --- [restartedMain] trationDelegate$BeanPostProcessorChecker : Bean 'methodSecurityMetadataSource' of type [org.springframework.security.access.method.DelegatingMethodSecurityMetadataSource] is not eligible for getting processed by all BeanPostProcessors (for example: not eligible for auto-proxying)
2022-08-12 13:42:20.262  INFO 14844 --- [restartedMain] o.s.b.w.embedded.tomcat.TomcatWebServer  : Tomcat initialized with port(s): 8080 (https)
2022-08-12 13:42:20.270  INFO 14844 --- [restartedMain] o.apache.catalina.core.StandardService   : Starting service [Tomcat]
2022-08-12 13:42:20.270  INFO 14844 --- [restartedMain] org.apache.catalina.core.StandardEngine  : Starting Servlet engine: [Apache Tomcat/9.0.45]
2022-08-12 13:42:20.365  INFO 14844 --- [restartedMain] o.a.c.c.C.[Tomcat].[localhost].[/]       : Initializing Spring embedded WebApplicationContext
2022-08-12 13:42:20.365  INFO 14844 --- [restartedMain] w.s.c.ServletWebServerApplicationContext : Root WebApplicationContext: initialization completed in 2446 ms
2022-08-12 13:42:20.505 DEBUG 14844 --- [restartedMain] o.s.web.filter.CharacterEncodingFilter   : Filter 'characterEncodingFilter' configured for use
2022-08-12 13:42:20.506 DEBUG 14844 --- [restartedMain] o.s.w.f.CommonsRequestLoggingFilter      : Filter 'commonsRequestLoggingFilter' configured for use
2022-08-12 13:42:20.635  INFO 14844 --- [restartedMain] o.hibernate.jpa.internal.util.LogHelper  : HHH000204: Processing PersistenceUnitInfo [name: default]
2022-08-12 13:42:20.678  INFO 14844 --- [restartedMain] org.hibernate.Version                    : HHH000412: Hibernate ORM core version 5.4.30.Final
2022-08-12 13:42:20.852  INFO 14844 --- [restartedMain] o.hibernate.annotations.common.Version   : HCANN000001: Hibernate Commons Annotations {5.1.2.Final}
2022-08-12 13:42:20.940  INFO 14844 --- [restartedMain] com.zaxxer.hikari.HikariDataSource       : HikariPool-1 - Starting...
2022-08-12 13:42:21.149  INFO 14844 --- [restartedMain] com.zaxxer.hikari.HikariDataSource       : HikariPool-1 - Start completed.
2022-08-12 13:42:21.161  INFO 14844 --- [restartedMain] org.hibernate.dialect.Dialect            : HHH000400: Using dialect: org.hibernate.dialect.MySQL57Dialect
2022-08-12 13:42:21.913  INFO 14844 --- [restartedMain] o.h.e.t.j.p.i.JtaPlatformInitiator       : HHH000490: Using JtaPlatform implementation: [org.hibernate.engine.transaction.jta.platform.internal.NoJtaPlatform]
2022-08-12 13:42:21.921  INFO 14844 --- [restartedMain] j.LocalContainerEntityManagerFactoryBean : Initialized JPA EntityManagerFactory for persistence unit 'default'
2022-08-12 13:42:21.937  INFO 14844 --- [restartedMain] o.s.b.d.a.OptionalLiveReloadServer       : LiveReload server is running on port 35729
2022-08-12 13:42:22.777  INFO 14844 --- [restartedMain] io.openvidu.java.client.OpenVidu         : Active sessions info fetched: []
2022-08-12 13:42:22.866  WARN 14844 --- [restartedMain] JpaBaseConfiguration$JpaWebConfiguration : spring.jpa.open-in-view is enabled by default. Therefore, database queries may be performed during view rendering. Explicitly configure spring.jpa.open-in-view to disable this warning
2022-08-12 13:42:23.369 DEBUG 14844 --- [restartedMain] s.w.s.m.m.a.RequestMappingHandlerMapping : 40 mappings in 'requestMappingHandlerMapping'
2022-08-12 13:42:23.442  INFO 14844 --- [restartedMain] o.s.b.a.e.web.EndpointLinksResolver      : Exposing 2 endpoint(s) beneath base path '/actuator'
2022-08-12 13:42:23.609  INFO 14844 --- [restartedMain] o.s.s.web.DefaultSecurityFilterChain     : Will secure any request with [org.springframework.security.web.context.request.async.WebAsyncManagerIntegrationFilter@4d22bbfd, org.springframework.security.web.context.SecurityContextPersistenceFilter@20d8829, org.springframework.security.web.header.HeaderWriterFilter@61c14c2a, org.springframework.web.filter.CorsFilter@197decf8, org.springframework.security.web.authentication.logout.LogoutFilter@138a3802, com.ssafy.common.auth.JwtAuthenticationFilter@1e186764, org.springframework.security.web.savedrequest.RequestCacheAwareFilter@1c70f74, org.springframework.security.web.servletapi.SecurityContextHolderAwareRequestFilter@781c786b, org.springframework.security.web.authentication.AnonymousAuthenticationFilter@1d0bce5e, org.springframework.security.web.session.SessionManagementFilter@7f542e7c, org.springframework.security.web.access.ExceptionTranslationFilter@2c751e19, org.springframework.security.web.access.intercept.FilterSecurityInterceptor@695f2108]
2022-08-12 13:42:23.669  INFO 14844 --- [restartedMain] o.s.s.concurrent.ThreadPoolTaskExecutor  : Initializing ExecutorService 'applicationTaskExecutor'
2022-08-12 13:42:23.684 DEBUG 14844 --- [restartedMain] s.w.s.m.m.a.RequestMappingHandlerAdapter : ControllerAdvice beans: 0 @ModelAttribute, 0 @InitBinder, 1 RequestBodyAdvice, 1 ResponseBodyAdvice
2022-08-12 13:42:23.723 DEBUG 14844 --- [restartedMain] o.s.w.s.handler.SimpleUrlHandlerMapping  : Patterns [/swagger-ui/] in 'viewControllerHandlerMapping'
2022-08-12 13:42:23.979 DEBUG 14844 --- [restartedMain] o.s.w.s.handler.SimpleUrlHandlerMapping  : Patterns [/resources/**, /swagger-ui.html, /webjars/**, /css/**, /fonts/**, /icons/**, /img/**, /js/**, /swagger-ui/**, /**] in 'resourceHandlerMapping'
2022-08-12 13:42:23.987 DEBUG 14844 --- [restartedMain] .m.m.a.ExceptionHandlerExceptionResolver : ControllerAdvice beans: 1 @ExceptionHandler, 1 ResponseBodyAdvice
2022-08-12 13:42:24.378  INFO 14844 --- [restartedMain] o.s.b.w.embedded.tomcat.TomcatWebServer  : Tomcat started on port(s): 8080 (https) with context path ''
2022-08-12 13:42:24.692  INFO 14844 --- [restartedMain] com.ssafy.GroupCallApplication           : Started GroupCallApplication in 7.257 seconds (JVM running for 7.96)
